c:\users\ksb\desktop\bum's project - maptool process\bum's project\bum's project\tool76\debug\tool76.pch
c:\users\ksb\desktop\bum's project - maptool process\bum's project\bum's project\tool76\debug\vc140.pdb
c:\users\ksb\desktop\bum's project - maptool process\bum's project\bum's project\tool76\debug\vc140.idb
c:\users\ksb\desktop\bum's project - maptool process\bum's project\bum's project\tool76\debug\stdafx.obj
c:\users\ksb\desktop\bum's project - maptool process\bum's project\bum's project\tool76\debug\toolobject.obj
c:\users\ksb\desktop\bum's project - maptool process\bum's project\bum's project\tool76\debug\background.obj
c:\users\ksb\desktop\bum's project - maptool process\bum's project\bum's project\tool76\debug\device.obj
c:\users\ksb\desktop\bum's project - maptool process\bum's project\bum's project\tool76\debug\mainfrm.obj
c:\users\ksb\desktop\bum's project - maptool process\bum's project\bum's project\tool76\debug\maptool.obj
c:\users\ksb\desktop\bum's project - maptool process\bum's project\bum's project\tool76\debug\miniview.obj
c:\users\ksb\desktop\bum's project - maptool process\bum's project\bum's project\tool76\debug\monstertool.obj
c:\users\ksb\desktop\bum's project - maptool process\bum's project\bum's project\tool76\debug\mouse.obj
c:\users\ksb\desktop\bum's project - maptool process\bum's project\bum's project\tool76\debug\multitexture.obj
c:\users\ksb\desktop\bum's project - maptool process\bum's project\bum's project\tool76\debug\myform.obj
c:\users\ksb\desktop\bum's project - maptool process\bum's project\bum's project\tool76\debug\objtool.obj
c:\users\ksb\desktop\bum's project - maptool process\bum's project\bum's project\tool76\debug\pathfind.obj
c:\users\ksb\desktop\bum's project - maptool process\bum's project\bum's project\tool76\debug\singletexture.obj
c:\users\ksb\desktop\bum's project - maptool process\bum's project\bum's project\tool76\debug\texture.obj
c:\users\ksb\desktop\bum's project - maptool process\bum's project\bum's project\tool76\debug\texturemgr.obj
c:\users\ksb\desktop\bum's project - maptool process\bum's project\bum's project\tool76\debug\tile.obj
c:\users\ksb\desktop\bum's project - maptool process\bum's project\bum's project\tool76\debug\tool76.obj
c:\users\ksb\desktop\bum's project - maptool process\bum's project\bum's project\tool76\debug\tool76doc.obj
c:\users\ksb\desktop\bum's project - maptool process\bum's project\bum's project\tool76\debug\tool76view.obj
c:\users\ksb\desktop\bum's project - maptool process\bum's project\bum's project\tool76\debug\unittool.obj
c:\users\ksb\desktop\bum's project - maptool process\bum's project\bum's project\tool76\debug\monster.obj
c:\users\ksb\desktop\bum's project - maptool process\bum's project\bum's project\debug\tool76.ilk
c:\users\ksb\desktop\bum's project - maptool process\bum's project\bum's project\debug\tool76.exe
c:\users\ksb\desktop\bum's project - maptool process\bum's project\bum's project\debug\tool76.pdb
c:\users\ksb\desktop\bum's project - maptool process\bum's project\bum's project\tool76\debug\tool76.res
c:\users\ksb\desktop\bum's project - maptool process\bum's project\bum's project\tool76\debug\tool76.tlog\cl.command.1.tlog
c:\users\ksb\desktop\bum's project - maptool process\bum's project\bum's project\tool76\debug\tool76.tlog\cl.read.1.tlog
c:\users\ksb\desktop\bum's project - maptool process\bum's project\bum's project\tool76\debug\tool76.tlog\cl.write.1.tlog
c:\users\ksb\desktop\bum's project - maptool process\bum's project\bum's project\tool76\debug\tool76.tlog\link.command.1.tlog
c:\users\ksb\desktop\bum's project - maptool process\bum's project\bum's project\tool76\debug\tool76.tlog\link.read.1.tlog
c:\users\ksb\desktop\bum's project - maptool process\bum's project\bum's project\tool76\debug\tool76.tlog\link.write.1.tlog
c:\users\ksb\desktop\bum's project - maptool process\bum's project\bum's project\tool76\debug\tool76.tlog\rc.command.1.tlog
c:\users\ksb\desktop\bum's project - maptool process\bum's project\bum's project\tool76\debug\tool76.tlog\rc.read.1.tlog
c:\users\ksb\desktop\bum's project - maptool process\bum's project\bum's project\tool76\debug\tool76.tlog\rc.write.1.tlog
