c:\users\ksb\desktop\bum's project - maptool process\bum's project\bum's project\tool76\release\tool76.pch
c:\users\ksb\desktop\bum's project - maptool process\bum's project\bum's project\tool76\release\vc140.pdb
c:\users\ksb\desktop\bum's project - maptool process\bum's project\bum's project\tool76\release\stdafx.obj
c:\users\ksb\desktop\bum's project - maptool process\bum's project\bum's project\tool76\release\tool76view.obj
c:\users\ksb\desktop\bum's project - maptool process\bum's project\bum's project\tool76\release\tool76doc.obj
c:\users\ksb\desktop\bum's project - maptool process\bum's project\bum's project\tool76\release\tool76.obj
c:\users\ksb\desktop\bum's project - maptool process\bum's project\bum's project\tool76\release\tile.obj
c:\users\ksb\desktop\bum's project - maptool process\bum's project\bum's project\tool76\release\texturemgr.obj
c:\users\ksb\desktop\bum's project - maptool process\bum's project\bum's project\tool76\release\texture.obj
c:\users\ksb\desktop\bum's project - maptool process\bum's project\bum's project\tool76\release\singletexture.obj
c:\users\ksb\desktop\bum's project - maptool process\bum's project\bum's project\tool76\release\pathfind.obj
c:\users\ksb\desktop\bum's project - maptool process\bum's project\bum's project\tool76\release\objtool.obj
c:\users\ksb\desktop\bum's project - maptool process\bum's project\bum's project\tool76\release\myform.obj
c:\users\ksb\desktop\bum's project - maptool process\bum's project\bum's project\tool76\release\multitexture.obj
c:\users\ksb\desktop\bum's project - maptool process\bum's project\bum's project\tool76\release\mouse.obj
c:\users\ksb\desktop\bum's project - maptool process\bum's project\bum's project\tool76\release\monstertool.obj
c:\users\ksb\desktop\bum's project - maptool process\bum's project\bum's project\tool76\release\miniview.obj
c:\users\ksb\desktop\bum's project - maptool process\bum's project\bum's project\tool76\release\maptool.obj
c:\users\ksb\desktop\bum's project - maptool process\bum's project\bum's project\tool76\release\mainfrm.obj
c:\users\ksb\desktop\bum's project - maptool process\bum's project\bum's project\tool76\release\device.obj
c:\users\ksb\desktop\bum's project - maptool process\bum's project\bum's project\tool76\release\background.obj
c:\users\ksb\desktop\bum's project - maptool process\bum's project\bum's project\tool76\release\toolobject.obj
c:\users\ksb\desktop\bum's project - maptool process\bum's project\bum's project\tool76\release\monster.obj
c:\users\ksb\desktop\bum's project - maptool process\bum's project\bum's project\tool76\release\unittool.obj
c:\users\ksb\desktop\bum's project - maptool process\bum's project\bum's project\release\tool76.exe
c:\users\ksb\desktop\bum's project - maptool process\bum's project\bum's project\release\tool76.pdb
c:\users\ksb\desktop\bum's project - maptool process\bum's project\bum's project\tool76\release\tool76.res
c:\users\ksb\desktop\bum's project - maptool process\bum's project\bum's project\tool76\release\tool76.tlog\cl.command.1.tlog
c:\users\ksb\desktop\bum's project - maptool process\bum's project\bum's project\tool76\release\tool76.tlog\cl.read.1.tlog
c:\users\ksb\desktop\bum's project - maptool process\bum's project\bum's project\tool76\release\tool76.tlog\cl.write.1.tlog
c:\users\ksb\desktop\bum's project - maptool process\bum's project\bum's project\tool76\release\tool76.tlog\link.command.1.tlog
c:\users\ksb\desktop\bum's project - maptool process\bum's project\bum's project\tool76\release\tool76.tlog\link.read.1.tlog
c:\users\ksb\desktop\bum's project - maptool process\bum's project\bum's project\tool76\release\tool76.tlog\link.write.1.tlog
c:\users\ksb\desktop\bum's project - maptool process\bum's project\bum's project\tool76\release\tool76.tlog\rc.command.1.tlog
c:\users\ksb\desktop\bum's project - maptool process\bum's project\bum's project\tool76\release\tool76.tlog\rc.read.1.tlog
c:\users\ksb\desktop\bum's project - maptool process\bum's project\bum's project\tool76\release\tool76.tlog\rc.write.1.tlog
