c:\users\ksb\desktop\bum's project - maptool process\bum's project\bum's project\client76\release\client76.pch
c:\users\ksb\desktop\bum's project - maptool process\bum's project\bum's project\client76\release\vc140.pdb
c:\users\ksb\desktop\bum's project - maptool process\bum's project\bum's project\client76\release\stdafx.obj
c:\users\ksb\desktop\bum's project - maptool process\bum's project\bum's project\client76\release\frame_manager.obj
c:\users\ksb\desktop\bum's project - maptool process\bum's project\bum's project\client76\release\frame.obj
c:\users\ksb\desktop\bum's project - maptool process\bum's project\bum's project\client76\release\field.obj
c:\users\ksb\desktop\bum's project - maptool process\bum's project\bum's project\client76\release\effectfactory.obj
c:\users\ksb\desktop\bum's project - maptool process\bum's project\bum's project\client76\release\effectbuffer.obj
c:\users\ksb\desktop\bum's project - maptool process\bum's project\bum's project\client76\release\effectbridge.obj
c:\users\ksb\desktop\bum's project - maptool process\bum's project\bum's project\client76\release\effect.obj
c:\users\ksb\desktop\bum's project - maptool process\bum's project\bum's project\client76\release\datasubject.obj
c:\users\ksb\desktop\bum's project - maptool process\bum's project\bum's project\client76\release\darkcow.obj
c:\users\ksb\desktop\bum's project - maptool process\bum's project\bum's project\client76\release\damage.obj
c:\users\ksb\desktop\bum's project - maptool process\bum's project\bum's project\client76\release\cursor.obj
c:\users\ksb\desktop\bum's project - maptool process\bum's project\bum's project\client76\release\critical.obj
c:\users\ksb\desktop\bum's project - maptool process\bum's project\bum's project\client76\release\creedwizard.obj
c:\users\ksb\desktop\bum's project - maptool process\bum's project\bum's project\client76\release\collisionmgr.obj
c:\users\ksb\desktop\bum's project - maptool process\bum's project\bum's project\client76\release\bridge.obj
c:\users\ksb\desktop\bum's project - maptool process\bum's project\bum's project\client76\release\bossstage.obj
c:\users\ksb\desktop\bum's project - maptool process\bum's project\bum's project\client76\release\bossbullet.obj
c:\users\ksb\desktop\bum's project - maptool process\bum's project\bum's project\client76\release\boss.obj
c:\users\ksb\desktop\bum's project - maptool process\bum's project\bum's project\client76\release\bluewolf.obj
c:\users\ksb\desktop\bum's project - maptool process\bum's project\bum's project\client76\release\astar.obj
c:\users\ksb\desktop\bum's project - maptool process\bum's project\bum's project\client76\release\test.obj
c:\users\ksb\desktop\bum's project - maptool process\bum's project\bum's project\client76\release\subject.obj
c:\users\ksb\desktop\bum's project - maptool process\bum's project\bum's project\client76\release\store.obj
c:\users\ksb\desktop\bum's project - maptool process\bum's project\bum's project\client76\release\smithy2.obj
c:\users\ksb\desktop\bum's project - maptool process\bum's project\bum's project\client76\release\smithy.obj
c:\users\ksb\desktop\bum's project - maptool process\bum's project\bum's project\client76\release\shakemgr.obj
c:\users\ksb\desktop\bum's project - maptool process\bum's project\bum's project\client76\release\rendermgr.obj
c:\users\ksb\desktop\bum's project - maptool process\bum's project\bum's project\client76\release\redwolf.obj
c:\users\ksb\desktop\bum's project - maptool process\bum's project\bum's project\client76\release\observer.obj
c:\users\ksb\desktop\bum's project - maptool process\bum's project\bum's project\client76\release\normeffect.obj
c:\users\ksb\desktop\bum's project - maptool process\bum's project\bum's project\client76\release\mpbar.obj
c:\users\ksb\desktop\bum's project - maptool process\bum's project\bum's project\client76\release\monster.obj
c:\users\ksb\desktop\bum's project - maptool process\bum's project\bum's project\client76\release\monhpbar.obj
c:\users\ksb\desktop\bum's project - maptool process\bum's project\bum's project\client76\release\jelly.obj
c:\users\ksb\desktop\bum's project - maptool process\bum's project\bum's project\client76\release\inven.obj
c:\users\ksb\desktop\bum's project - maptool process\bum's project\bum's project\client76\release\shop.obj
c:\users\ksb\desktop\bum's project - maptool process\bum's project\bum's project\client76\release\npc.obj
c:\users\ksb\desktop\bum's project - maptool process\bum's project\bum's project\client76\release\item.obj
c:\users\ksb\desktop\bum's project - maptool process\bum's project\bum's project\client76\release\hpbar.obj
c:\users\ksb\desktop\bum's project - maptool process\bum's project\bum's project\client76\release\house.obj
c:\users\ksb\desktop\bum's project - maptool process\bum's project\bum's project\client76\release\player.obj
c:\users\ksb\desktop\bum's project - maptool process\bum's project\bum's project\client76\release\objmgr.obj
c:\users\ksb\desktop\bum's project - maptool process\bum's project\bum's project\client76\release\multitexture.obj
c:\users\ksb\desktop\bum's project - maptool process\bum's project\bum's project\client76\release\mouse.obj
c:\users\ksb\desktop\bum's project - maptool process\bum's project\bum's project\client76\release\maingame.obj
c:\users\ksb\desktop\bum's project - maptool process\bum's project\bum's project\client76\release\logo.obj
c:\users\ksb\desktop\bum's project - maptool process\bum's project\bum's project\client76\release\gameobject.obj
c:\users\ksb\desktop\bum's project - maptool process\bum's project\bum's project\client76\release\factory.obj
c:\users\ksb\desktop\bum's project - maptool process\bum's project\bum's project\client76\release\device.obj
c:\users\ksb\desktop\bum's project - maptool process\bum's project\bum's project\client76\release\client76.obj
c:\users\ksb\desktop\bum's project - maptool process\bum's project\bum's project\client76\release\background.obj
c:\users\ksb\desktop\bum's project - maptool process\bum's project\bum's project\client76\release\weapon.obj
c:\users\ksb\desktop\bum's project - maptool process\bum's project\bum's project\client76\release\userinterface.obj
c:\users\ksb\desktop\bum's project - maptool process\bum's project\bum's project\client76\release\uiobserver.obj
c:\users\ksb\desktop\bum's project - maptool process\bum's project\bum's project\client76\release\tree.obj
c:\users\ksb\desktop\bum's project - maptool process\bum's project\bum's project\client76\release\town2.obj
c:\users\ksb\desktop\bum's project - maptool process\bum's project\bum's project\client76\release\town.obj
c:\users\ksb\desktop\bum's project - maptool process\bum's project\bum's project\client76\release\timer_manager.obj
c:\users\ksb\desktop\bum's project - maptool process\bum's project\bum's project\client76\release\timer.obj
c:\users\ksb\desktop\bum's project - maptool process\bum's project\bum's project\client76\release\tile.obj
c:\users\ksb\desktop\bum's project - maptool process\bum's project\bum's project\client76\release\timemgr.obj
c:\users\ksb\desktop\bum's project - maptool process\bum's project\bum's project\client76\release\texturemgr.obj
c:\users\ksb\desktop\bum's project - maptool process\bum's project\bum's project\client76\release\texture.obj
c:\users\ksb\desktop\bum's project - maptool process\bum's project\bum's project\client76\release\stage.obj
c:\users\ksb\desktop\bum's project - maptool process\bum's project\bum's project\client76\release\singletexture.obj
c:\users\ksb\desktop\bum's project - maptool process\bum's project\bum's project\client76\release\scenemgr.obj
c:\users\ksb\desktop\bum's project - maptool process\bum's project\bum's project\client76\release\scene.obj
c:\users\bum\desktop\bum's project - maptool process\bum's project\bum's project\client76\release\client76.pch
c:\users\bum\desktop\bum's project - maptool process\bum's project\bum's project\client76\release\vc140.pdb
c:\users\bum\desktop\bum's project - maptool process\bum's project\bum's project\client76\release\stdafx.obj
c:\users\bum\desktop\bum's project - maptool process\bum's project\bum's project\client76\release\frame.obj
c:\users\bum\desktop\bum's project - maptool process\bum's project\bum's project\client76\release\field.obj
c:\users\bum\desktop\bum's project - maptool process\bum's project\bum's project\client76\release\equip.obj
c:\users\bum\desktop\bum's project - maptool process\bum's project\bum's project\client76\release\effectfactory.obj
c:\users\bum\desktop\bum's project - maptool process\bum's project\bum's project\client76\release\effectbuffer.obj
c:\users\bum\desktop\bum's project - maptool process\bum's project\bum's project\client76\release\effectbridge.obj
c:\users\bum\desktop\bum's project - maptool process\bum's project\bum's project\client76\release\effect.obj
c:\users\bum\desktop\bum's project - maptool process\bum's project\bum's project\client76\release\datasubject.obj
c:\users\bum\desktop\bum's project - maptool process\bum's project\bum's project\client76\release\darkcow.obj
c:\users\bum\desktop\bum's project - maptool process\bum's project\bum's project\client76\release\damage.obj
c:\users\bum\desktop\bum's project - maptool process\bum's project\bum's project\client76\release\cursor.obj
c:\users\bum\desktop\bum's project - maptool process\bum's project\bum's project\client76\release\critical.obj
c:\users\bum\desktop\bum's project - maptool process\bum's project\bum's project\client76\release\creedwizard.obj
c:\users\bum\desktop\bum's project - maptool process\bum's project\bum's project\client76\release\collisionmgr.obj
c:\users\bum\desktop\bum's project - maptool process\bum's project\bum's project\client76\release\bridge.obj
c:\users\bum\desktop\bum's project - maptool process\bum's project\bum's project\client76\release\bossstage.obj
c:\users\bum\desktop\bum's project - maptool process\bum's project\bum's project\client76\release\bossbullet.obj
c:\users\bum\desktop\bum's project - maptool process\bum's project\bum's project\client76\release\boss.obj
c:\users\bum\desktop\bum's project - maptool process\bum's project\bum's project\client76\release\bluewolf.obj
c:\users\bum\desktop\bum's project - maptool process\bum's project\bum's project\client76\release\astar.obj
c:\users\bum\desktop\bum's project - maptool process\bum's project\bum's project\client76\release\smithy2.obj
c:\users\bum\desktop\bum's project - maptool process\bum's project\bum's project\client76\release\smithy.obj
c:\users\bum\desktop\bum's project - maptool process\bum's project\bum's project\client76\release\shakemgr.obj
c:\users\bum\desktop\bum's project - maptool process\bum's project\bum's project\client76\release\rendermgr.obj
c:\users\bum\desktop\bum's project - maptool process\bum's project\bum's project\client76\release\redwolf.obj
c:\users\bum\desktop\bum's project - maptool process\bum's project\bum's project\client76\release\observer.obj
c:\users\bum\desktop\bum's project - maptool process\bum's project\bum's project\client76\release\normeffect.obj
c:\users\bum\desktop\bum's project - maptool process\bum's project\bum's project\client76\release\mpbar.obj
c:\users\bum\desktop\bum's project - maptool process\bum's project\bum's project\client76\release\monster.obj
c:\users\bum\desktop\bum's project - maptool process\bum's project\bum's project\client76\release\monhpbar.obj
c:\users\bum\desktop\bum's project - maptool process\bum's project\bum's project\client76\release\jelly.obj
c:\users\bum\desktop\bum's project - maptool process\bum's project\bum's project\client76\release\inven.obj
c:\users\bum\desktop\bum's project - maptool process\bum's project\bum's project\client76\release\status.obj
c:\users\bum\desktop\bum's project - maptool process\bum's project\bum's project\client76\release\shop.obj
c:\users\bum\desktop\bum's project - maptool process\bum's project\bum's project\client76\release\portal.obj
c:\users\bum\desktop\bum's project - maptool process\bum's project\bum's project\client76\release\npc.obj
c:\users\bum\desktop\bum's project - maptool process\bum's project\bum's project\client76\release\item.obj
c:\users\bum\desktop\bum's project - maptool process\bum's project\bum's project\client76\release\hpbar.obj
c:\users\bum\desktop\bum's project - maptool process\bum's project\bum's project\client76\release\house.obj
c:\users\bum\desktop\bum's project - maptool process\bum's project\bum's project\client76\release\frame_manager.obj
c:\users\bum\desktop\bum's project - maptool process\bum's project\bum's project\client76\release\mouse.obj
c:\users\bum\desktop\bum's project - maptool process\bum's project\bum's project\client76\release\maingame.obj
c:\users\bum\desktop\bum's project - maptool process\bum's project\bum's project\client76\release\logo.obj
c:\users\bum\desktop\bum's project - maptool process\bum's project\bum's project\client76\release\gameobject.obj
c:\users\bum\desktop\bum's project - maptool process\bum's project\bum's project\client76\release\factory.obj
c:\users\bum\desktop\bum's project - maptool process\bum's project\bum's project\client76\release\device.obj
c:\users\bum\desktop\bum's project - maptool process\bum's project\bum's project\client76\release\client76.obj
c:\users\bum\desktop\bum's project - maptool process\bum's project\bum's project\client76\release\background.obj
c:\users\bum\desktop\bum's project - maptool process\bum's project\bum's project\client76\release\weapon.obj
c:\users\bum\desktop\bum's project - maptool process\bum's project\bum's project\client76\release\userinterface.obj
c:\users\bum\desktop\bum's project - maptool process\bum's project\bum's project\client76\release\uiobserver.obj
c:\users\bum\desktop\bum's project - maptool process\bum's project\bum's project\client76\release\tree.obj
c:\users\bum\desktop\bum's project - maptool process\bum's project\bum's project\client76\release\town2.obj
c:\users\bum\desktop\bum's project - maptool process\bum's project\bum's project\client76\release\town.obj
c:\users\bum\desktop\bum's project - maptool process\bum's project\bum's project\client76\release\timer_manager.obj
c:\users\bum\desktop\bum's project - maptool process\bum's project\bum's project\client76\release\timer.obj
c:\users\bum\desktop\bum's project - maptool process\bum's project\bum's project\client76\release\tile.obj
c:\users\bum\desktop\bum's project - maptool process\bum's project\bum's project\client76\release\test.obj
c:\users\bum\desktop\bum's project - maptool process\bum's project\bum's project\client76\release\subject.obj
c:\users\bum\desktop\bum's project - maptool process\bum's project\bum's project\client76\release\store.obj
c:\users\bum\desktop\bum's project - maptool process\bum's project\bum's project\client76\release\timemgr.obj
c:\users\bum\desktop\bum's project - maptool process\bum's project\bum's project\client76\release\texturemgr.obj
c:\users\bum\desktop\bum's project - maptool process\bum's project\bum's project\client76\release\texture.obj
c:\users\bum\desktop\bum's project - maptool process\bum's project\bum's project\client76\release\stage.obj
c:\users\bum\desktop\bum's project - maptool process\bum's project\bum's project\client76\release\singletexture.obj
c:\users\bum\desktop\bum's project - maptool process\bum's project\bum's project\client76\release\scenemgr.obj
c:\users\bum\desktop\bum's project - maptool process\bum's project\bum's project\client76\release\scene.obj
c:\users\bum\desktop\bum's project - maptool process\bum's project\bum's project\client76\release\player.obj
c:\users\bum\desktop\bum's project - maptool process\bum's project\bum's project\client76\release\objmgr.obj
c:\users\bum\desktop\bum's project - maptool process\bum's project\bum's project\client76\release\multitexture.obj
c:\users\ksb\desktop\bum's project - maptool process\bum's project\bum's project\client76\release\status.obj
c:\users\ksb\desktop\bum's project - maptool process\bum's project\bum's project\client76\release\soundmgr.obj
c:\users\ksb\desktop\bum's project - maptool process\bum's project\bum's project\client76\release\portal.obj
c:\users\ksb\desktop\bum's project - maptool process\bum's project\bum's project\release\client76.exe
c:\users\ksb\desktop\bum's project - maptool process\bum's project\bum's project\release\client76.ipdb
c:\users\ksb\desktop\bum's project - maptool process\bum's project\bum's project\release\client76.iobj
c:\users\ksb\desktop\bum's project - maptool process\bum's project\bum's project\release\client76.pdb
c:\users\bum\desktop\bum's project - maptool process\bum's project\bum's project\release\client76.exe
c:\users\bum\desktop\bum's project - maptool process\bum's project\bum's project\release\client76.ipdb
c:\users\bum\desktop\bum's project - maptool process\bum's project\bum's project\release\client76.iobj
c:\users\bum\desktop\bum's project - maptool process\bum's project\bum's project\release\client76.pdb
c:\users\ksb\desktop\bum's project - maptool process\bum's project\bum's project\client76\release\client76.res
c:\users\bum\desktop\bum's project - maptool process\bum's project\bum's project\client76\release\client76.res
c:\users\ksb\desktop\bum's project - maptool process\bum's project\bum's project\client76\release\equip.obj
c:\users\ksb\desktop\bum's project - maptool process\bum's project\bum's project\client76\release\client76.tlog\cl.command.1.tlog
c:\users\ksb\desktop\bum's project - maptool process\bum's project\bum's project\client76\release\client76.tlog\cl.read.1.tlog
c:\users\ksb\desktop\bum's project - maptool process\bum's project\bum's project\client76\release\client76.tlog\cl.write.1.tlog
c:\users\ksb\desktop\bum's project - maptool process\bum's project\bum's project\client76\release\client76.tlog\link.command.1.tlog
c:\users\ksb\desktop\bum's project - maptool process\bum's project\bum's project\client76\release\client76.tlog\link.read.1.tlog
c:\users\ksb\desktop\bum's project - maptool process\bum's project\bum's project\client76\release\client76.tlog\link.write.1.tlog
c:\users\ksb\desktop\bum's project - maptool process\bum's project\bum's project\client76\release\client76.tlog\rc.command.1.tlog
c:\users\ksb\desktop\bum's project - maptool process\bum's project\bum's project\client76\release\client76.tlog\rc.read.1.tlog
c:\users\ksb\desktop\bum's project - maptool process\bum's project\bum's project\client76\release\client76.tlog\rc.write.1.tlog
