c:\users\ksb\desktop\bum's project - maptool process\bum's project\bum's project\client76\debug\vc140.pdb
c:\users\ksb\desktop\bum's project - maptool process\bum's project\bum's project\client76\debug\vc140.idb
c:\users\ksb\desktop\bum's project - maptool process\bum's project\bum's project\client76\debug\client76.pch
c:\users\ksb\desktop\bum's project - maptool process\bum's project\bum's project\client76\debug\stdafx.obj
c:\users\ksb\desktop\bum's project - maptool process\bum's project\bum's project\client76\debug\userinterface.obj
c:\users\ksb\desktop\bum's project - maptool process\bum's project\bum's project\client76\debug\weapon.obj
c:\users\ksb\desktop\bum's project - maptool process\bum's project\bum's project\client76\debug\background.obj
c:\users\ksb\desktop\bum's project - maptool process\bum's project\bum's project\client76\debug\client76.obj
c:\users\ksb\desktop\bum's project - maptool process\bum's project\bum's project\client76\debug\device.obj
c:\users\ksb\desktop\bum's project - maptool process\bum's project\bum's project\client76\debug\factory.obj
c:\users\ksb\desktop\bum's project - maptool process\bum's project\bum's project\client76\debug\gameobject.obj
c:\users\ksb\desktop\bum's project - maptool process\bum's project\bum's project\client76\debug\logo.obj
c:\users\ksb\desktop\bum's project - maptool process\bum's project\bum's project\client76\debug\maingame.obj
c:\users\ksb\desktop\bum's project - maptool process\bum's project\bum's project\client76\debug\mouse.obj
c:\users\ksb\desktop\bum's project - maptool process\bum's project\bum's project\client76\debug\multitexture.obj
c:\users\ksb\desktop\bum's project - maptool process\bum's project\bum's project\client76\debug\player.obj
c:\users\ksb\desktop\bum's project - maptool process\bum's project\bum's project\client76\debug\scene.obj
c:\users\ksb\desktop\bum's project - maptool process\bum's project\bum's project\client76\debug\scenemgr.obj
c:\users\ksb\desktop\bum's project - maptool process\bum's project\bum's project\client76\debug\singletexture.obj
c:\users\ksb\desktop\bum's project - maptool process\bum's project\bum's project\client76\debug\stage.obj
c:\users\ksb\desktop\bum's project - maptool process\bum's project\bum's project\client76\debug\texture.obj
c:\users\ksb\desktop\bum's project - maptool process\bum's project\bum's project\client76\debug\texturemgr.obj
c:\users\ksb\desktop\bum's project - maptool process\bum's project\bum's project\client76\debug\timemgr.obj
c:\users\ksb\desktop\bum's project - maptool process\bum's project\bum's project\client76\debug\monhpbar.obj
c:\users\ksb\desktop\bum's project - maptool process\bum's project\bum's project\client76\debug\monster.obj
c:\users\ksb\desktop\bum's project - maptool process\bum's project\bum's project\client76\debug\mpbar.obj
c:\users\ksb\desktop\bum's project - maptool process\bum's project\bum's project\client76\debug\normeffect.obj
c:\users\ksb\desktop\bum's project - maptool process\bum's project\bum's project\client76\debug\observer.obj
c:\users\ksb\desktop\bum's project - maptool process\bum's project\bum's project\client76\debug\redwolf.obj
c:\users\ksb\desktop\bum's project - maptool process\bum's project\bum's project\client76\debug\rendermgr.obj
c:\users\ksb\desktop\bum's project - maptool process\bum's project\bum's project\client76\debug\shakemgr.obj
c:\users\ksb\desktop\bum's project - maptool process\bum's project\bum's project\client76\debug\smithy.obj
c:\users\ksb\desktop\bum's project - maptool process\bum's project\bum's project\client76\debug\smithy2.obj
c:\users\ksb\desktop\bum's project - maptool process\bum's project\bum's project\client76\debug\store.obj
c:\users\ksb\desktop\bum's project - maptool process\bum's project\bum's project\client76\debug\subject.obj
c:\users\ksb\desktop\bum's project - maptool process\bum's project\bum's project\client76\debug\test.obj
c:\users\ksb\desktop\bum's project - maptool process\bum's project\bum's project\client76\debug\tile.obj
c:\users\ksb\desktop\bum's project - maptool process\bum's project\bum's project\client76\debug\timer.obj
c:\users\ksb\desktop\bum's project - maptool process\bum's project\bum's project\client76\debug\timer_manager.obj
c:\users\ksb\desktop\bum's project - maptool process\bum's project\bum's project\client76\debug\town.obj
c:\users\ksb\desktop\bum's project - maptool process\bum's project\bum's project\client76\debug\town2.obj
c:\users\ksb\desktop\bum's project - maptool process\bum's project\bum's project\client76\debug\tree.obj
c:\users\ksb\desktop\bum's project - maptool process\bum's project\bum's project\client76\debug\uiobserver.obj
c:\users\ksb\desktop\bum's project - maptool process\bum's project\bum's project\client76\debug\darkcow.obj
c:\users\ksb\desktop\bum's project - maptool process\bum's project\bum's project\client76\debug\datasubject.obj
c:\users\ksb\desktop\bum's project - maptool process\bum's project\bum's project\client76\debug\effect.obj
c:\users\ksb\desktop\bum's project - maptool process\bum's project\bum's project\client76\debug\effectbridge.obj
c:\users\ksb\desktop\bum's project - maptool process\bum's project\bum's project\client76\debug\effectbuffer.obj
c:\users\ksb\desktop\bum's project - maptool process\bum's project\bum's project\client76\debug\effectfactory.obj
c:\users\ksb\desktop\bum's project - maptool process\bum's project\bum's project\client76\debug\equip.obj
c:\users\ksb\desktop\bum's project - maptool process\bum's project\bum's project\client76\debug\field.obj
c:\users\ksb\desktop\bum's project - maptool process\bum's project\bum's project\client76\debug\frame.obj
c:\users\ksb\desktop\bum's project - maptool process\bum's project\bum's project\client76\debug\frame_manager.obj
c:\users\ksb\desktop\bum's project - maptool process\bum's project\bum's project\client76\debug\house.obj
c:\users\ksb\desktop\bum's project - maptool process\bum's project\bum's project\client76\debug\hpbar.obj
c:\users\ksb\desktop\bum's project - maptool process\bum's project\bum's project\client76\debug\item.obj
c:\users\ksb\desktop\bum's project - maptool process\bum's project\bum's project\client76\debug\npc.obj
c:\users\ksb\desktop\bum's project - maptool process\bum's project\bum's project\client76\debug\portal.obj
c:\users\ksb\desktop\bum's project - maptool process\bum's project\bum's project\client76\debug\shop.obj
c:\users\ksb\desktop\bum's project - maptool process\bum's project\bum's project\client76\debug\soundmgr.obj
c:\users\ksb\desktop\bum's project - maptool process\bum's project\bum's project\client76\debug\status.obj
c:\users\ksb\desktop\bum's project - maptool process\bum's project\bum's project\client76\debug\inven.obj
c:\users\ksb\desktop\bum's project - maptool process\bum's project\bum's project\client76\debug\jelly.obj
c:\users\ksb\desktop\bum's project - maptool process\bum's project\bum's project\client76\debug\astar.obj
c:\users\ksb\desktop\bum's project - maptool process\bum's project\bum's project\client76\debug\bluewolf.obj
c:\users\ksb\desktop\bum's project - maptool process\bum's project\bum's project\client76\debug\boss.obj
c:\users\ksb\desktop\bum's project - maptool process\bum's project\bum's project\client76\debug\bossbullet.obj
c:\users\ksb\desktop\bum's project - maptool process\bum's project\bum's project\client76\debug\bossstage.obj
c:\users\ksb\desktop\bum's project - maptool process\bum's project\bum's project\client76\debug\bridge.obj
c:\users\ksb\desktop\bum's project - maptool process\bum's project\bum's project\client76\debug\collisionmgr.obj
c:\users\ksb\desktop\bum's project - maptool process\bum's project\bum's project\client76\debug\creedwizard.obj
c:\users\ksb\desktop\bum's project - maptool process\bum's project\bum's project\client76\debug\critical.obj
c:\users\ksb\desktop\bum's project - maptool process\bum's project\bum's project\client76\debug\cursor.obj
c:\users\ksb\desktop\bum's project - maptool process\bum's project\bum's project\client76\debug\damage.obj
c:\users\ksb\desktop\bum's project - maptool process\bum's project\bum's project\client76\debug\objmgr.obj
c:\users\ksb\desktop\bum's project - maptool process\bum's project\bum's project\debug\client76.ilk
c:\users\ksb\desktop\bum's project - maptool process\bum's project\bum's project\debug\client76.exe
c:\users\ksb\desktop\bum's project - maptool process\bum's project\bum's project\debug\client76.pdb
c:\users\ksb\desktop\bum's project - maptool process\bum's project\bum's project\client76\debug\client76.res
c:\users\ksb\desktop\bum's project - maptool process\bum's project\bum's project\client76\debug\client76.tlog\cl.command.1.tlog
c:\users\ksb\desktop\bum's project - maptool process\bum's project\bum's project\client76\debug\client76.tlog\cl.read.1.tlog
c:\users\ksb\desktop\bum's project - maptool process\bum's project\bum's project\client76\debug\client76.tlog\cl.write.1.tlog
c:\users\ksb\desktop\bum's project - maptool process\bum's project\bum's project\client76\debug\client76.tlog\link.command.1.tlog
c:\users\ksb\desktop\bum's project - maptool process\bum's project\bum's project\client76\debug\client76.tlog\link.read.1.tlog
c:\users\ksb\desktop\bum's project - maptool process\bum's project\bum's project\client76\debug\client76.tlog\link.write.1.tlog
c:\users\ksb\desktop\bum's project - maptool process\bum's project\bum's project\client76\debug\client76.tlog\rc.command.1.tlog
c:\users\ksb\desktop\bum's project - maptool process\bum's project\bum's project\client76\debug\client76.tlog\rc.read.1.tlog
c:\users\ksb\desktop\bum's project - maptool process\bum's project\bum's project\client76\debug\client76.tlog\rc.write.1.tlog
