  건너뛰고 있습니다... (관련된 변경 내용 없음)
  stdafx.cpp
  UserInterface.cpp
  MpBar.cpp
  HpBar.cpp
  코드를 생성하고 있습니다...
  건너뛰고 있습니다... (관련된 변경 내용 없음)
  Stage.cpp
  Player.cpp
  MainGame.cpp
  Logo.cpp
  Inven.cpp
  Weapon.cpp
  Tree.cpp
  Town2.cpp
  Town.cpp
  Store.cpp
  Status.cpp
  Smithy2.cpp
  Smithy.cpp
  Shop.cpp
  RenderMgr.cpp
  RedWolf.cpp
  Portal.cpp
  NPC.cpp
  Monster.cpp
  Jelly.cpp
  Item.cpp
  House.cpp
  Field.cpp
  Equip.cpp
  EffectBuffer.cpp
  DarkCow.cpp
  CreedWizard.cpp
  CollisionMgr.cpp
  BossStage.cpp
  BossBullet.cpp
  Boss.cpp
  BlueWolf.cpp
  Client76.vcxproj -> C:\Users\KSB\Desktop\Bum's Project - MapTool Process\Bum's Project\Bum's Project\Debug\Client76.exe
  Client76.vcxproj -> C:\Users\KSB\Desktop\Bum's Project - MapTool Process\Bum's Project\Bum's Project\Debug\Client76.pdb (Full PDB)
